test#	output  	true      	product                 	size                	blk     
000452	1.51 MiB	    1.5205	                 1594322	             1594322	       1
000454	1.51 MiB	    1.5205	                 1594323	             1594323	       1
000456	1.51 MiB	    1.5205	                 1594324	             1594324	       1
001654	7.02 EiB	    7.0301	     8105110306037952532	 4052555153018976266	       2
001656	7.02 EiB	    7.0301	     8105110306037952534	 4052555153018976267	       2
001658	7.02 EiB	    7.0301	     8105110306037952536	 4052555153018976268	       2
002754	1.48 MiB	    1.4901	                 1562496	              390624	       4
002756	1.48 MiB	    1.4901	                 1562500	              390625	       4
002758	1.48 MiB	    1.4901	                 1562504	              390626	       4
002838	8.46 PiB	    8.4703	        9536743164062496	    2384185791015624	       4
002840	8.46 PiB	    8.4703	        9536743164062500	    2384185791015625	       4
002842	8.46 PiB	    8.4703	        9536743164062504	    2384185791015626	       4
003800	2.97 MiB	    2.9802	                 3124992	              390624	       8
003802	2.97 MiB	    2.9802	                 3125000	              390625	       8
003804	2.97 MiB	    2.9802	                 3125008	              390626	       8
003848	1.10 TiB	    1.1102	           1220703124992	        152587890624	       8
003850	1.10 TiB	    1.1102	           1220703125000	        152587890625	       8
003852	1.10 TiB	    1.1102	           1220703125008	        152587890626	       8
004846	5.95 MiB	    5.9604	                 6249984	              390624	      16
004848	5.95 MiB	    5.9605	                 6250000	              390625	      16
004850	5.95 MiB	    5.9605	                 6250016	              390626	      16
004894	2.21 TiB	    2.2204	           2441406249984	        152587890624	      16
004896	2.21 TiB	    2.2204	           2441406250000	        152587890625	      16
004898	2.21 TiB	    2.2204	           2441406250016	        152587890626	      16
005140	1.48 GiB	    1.4901	              1599999984	            99999999	      16
005142	1.48 GiB	    1.4901	              1600000000	           100000000	      16
005144	1.48 GiB	    1.4901	              1600000016	           100000001	      16
005964	2.70 PiB	    2.7105	        3051757812499968	      95367431640624	      32
005966	2.70 PiB	    2.7105	        3051757812500000	      95367431640625	      32
005968	2.70 PiB	    2.7105	        3051757812500032	      95367431640626	      32
006042	3.58 MiB	    3.5903	                 3764736	              117648	      32
006044	3.58 MiB	    3.5904	                 3764768	              117649	      32
006046	3.58 MiB	    3.5904	                 3764800	              117650	      32
006186	2.97 GiB	    2.9802	              3199999968	            99999999	      32
006188	2.97 GiB	    2.9802	              3200000000	           100000000	      32
006190	2.97 GiB	    2.9802	              3200000032	           100000001	      32
006818	1.29 PiB	    1.3004	        1464114717117440	      22876792454960	      64
006820	1.29 PiB	    1.3004	        1464114717117504	      22876792454961	      64
006822	1.29 PiB	    1.3004	        1464114717117568	      22876792454962	      64
007232	5.95 GiB	    5.9605	              6399999936	            99999999	      64
007234	5.95 GiB	    5.9605	              6400000000	           100000000	      64
007236	5.95 GiB	    5.9605	              6400000064	           100000001	      64
007786	1.70 GiB	    1.7105	              1836659968	            14348906	     128
007788	1.70 GiB	    1.7105	              1836660096	            14348907	     128
007790	1.70 GiB	    1.7105	              1836660224	            14348908	     128
008003	6.24 GB 	    6.2500	              6250000000	            48828125	     128
008005	6.24 GB 	    6.2500	              6250000128	            48828126	     128
008152	4.80 GiB	    4.8105	              5165261568	            40353606	     128
008154	4.80 GiB	    4.8105	              5165261696	            40353607	     128
008156	4.80 GiB	    4.8105	              5165261824	            40353608	     128
008254	1.21 MiB	    1.2206	                 1279872	                9999	     128
008326	1.10 EiB	    1.1102	     1279999999999999872	    9999999999999999	     128
008328	1.10 EiB	    1.1102	     1280000000000000000	   10000000000000000	     128
008330	1.10 EiB	    1.1102	     1280000000000000128	   10000000000000001	     128
008826	1.13 GiB	    1.1403	              1224439808	             4782968	     256
008828	1.13 GiB	    1.1403	              1224440064	             4782969	     256
008830	1.13 GiB	    1.1403	              1224440320	             4782970	     256
009049	12.4 GB 	   12.5000	             12500000000	            48828125	     256
009051	12.4 GB 	   12.5000	             12500000256	            48828126	     256
009055	62.4 GB 	   62.5000	             62500000000	           244140625	     256
009057	62.4 GB 	   62.5000	             62500000256	           244140626	     256
009372	2.21 EiB	    2.2204	     2559999999999999744	    9999999999999999	     256
009374	2.21 EiB	    2.2204	     2560000000000000000	   10000000000000000	     256
009376	2.21 EiB	    2.2204	     2560000000000000256	   10000000000000001	     256
010089	4.99 GB 	    5.0000	              5000000000	             9765625	     512
010091	4.99 GB 	    5.0000	              5000000512	             9765626	     512
010095	24.9 GB 	   25.0000	             25000000000	            48828125	     512
010097	24.9 GB 	   25.0000	             25000000512	            48828126	     512
010101	124 GB  	  125.0000	            125000000000	           244140625	     512
010103	124 GB  	  125.0000	            125000000512	           244140626	     512
010107	624 GB  	  625.0000	            625000000000	          1220703125	     512
010109	624 GB  	  625.0000	            625000000512	          1220703126	     512
010912	1.51 GiB	    1.5205	              1632585728	             1594322	    1024
010914	1.51 GiB	    1.5205	              1632586752	             1594323	    1024
010916	1.51 GiB	    1.5205	              1632587776	             1594324	    1024
011135	9.99 GB 	   10.0000	             10000000000	             9765625	    1024
011137	9.99 GB 	   10.0000	             10000001024	             9765626	    1024
011141	49.9 GB 	   50.0000	             50000000000	            48828125	    1024
011143	49.9 GB 	   50.0000	             50000001024	            48828126	    1024
011147	249 GB  	  250.0000	            250000000000	           244140625	    1024
011149	249 GB  	  250.0000	            250000001024	           244140626	    1024
011153	1.24 TB 	    1.2500	           1250000000000	          1220703125	    1024
011155	1.24 TB 	    1.2500	           1250000001024	          1220703126	    1024
011159	6.24 TB 	    6.2500	           6250000000000	          6103515625	    1024
011161	6.24 TB 	    6.2500	           6250000001024	          6103515626	    1024
011999	7.13 TB 	    7.1409	           7140934451200	          3486784400	    2048
012001	7.13 TB 	    7.1409	           7140934453248	          3486784401	    2048
012003	7.13 TB 	    7.1409	           7140934455296	          3486784402	    2048
012114	7.02 ZiB	    7.0301	  8299632953382863392768	 4052555153018976266	    2048
012116	7.02 ZiB	    7.0301	  8299632953382863394816	 4052555153018976267	    2048
012118	7.02 ZiB	    7.0301	  8299632953382863396864	 4052555153018976268	    2048
012181	19.9 GB 	   20.0000	             20000000000	             9765625	    2048
012183	19.9 GB 	   20.0000	             20000002048	             9765626	    2048
012187	99.9 GB 	  100.0000	            100000000000	            48828125	    2048
012189	99.9 GB 	  100.0000	            100000002048	            48828126	    2048
012193	499 GB  	  500.0000	            500000000000	           244140625	    2048
012195	499 GB  	  500.0000	            500000002048	           244140626	    2048
012199	2.49 TB 	    2.5000	           2500000000000	          1220703125	    2048
012201	2.49 TB 	    2.5000	           2500000002048	          1220703126	    2048
012205	12.4 TB 	   12.5000	          12500000000000	          6103515625	    2048
012207	12.4 TB 	   12.5000	          12500000002048	          6103515626	    2048
012211	62.4 TB 	   62.5000	          62500000000000	         30517578125	    2048
012213	62.4 TB 	   62.5000	          62500000002048	         30517578126	    2048
012847	4.60 EB 	    4.6117	     4611686018427383808	    1125899906842623	    4096
012849	4.60 EB 	    4.6117	     4611686018427387904	    1125899906842624	    4096
012851	4.60 EB 	    4.6117	     4611686018427392000	    1125899906842625	    4096
012907	4.71 ZB 	    4.7224	  4722366482869645209600	 1152921504606846975	    4096
012909	4.71 ZB 	    4.7224	  4722366482869645213696	 1152921504606846976	    4096
012911	4.71 ZB 	    4.7224	  4722366482869645217792	 1152921504606846977	    4096
013003	6.52 GB 	    6.5303	              6530342912	             1594322	    4096
013004	6.07 GiB	    6.0819	              6530342912	             1594322	    4096
013005	6.52 GB 	    6.5303	              6530347008	             1594323	    4096
013006	6.07 GiB	    6.0819	              6530347008	             1594323	    4096
013007	6.52 GB 	    6.5304	              6530351104	             1594324	    4096
013008	6.07 GiB	    6.0819	              6530351104	             1594324	    4096
013039	4.75 TB 	    4.7606	           4760622964736	          1162261466	    4096
013041	4.75 TB 	    4.7606	           4760622968832	          1162261467	    4096
013043	4.75 TB 	    4.7606	           4760622972928	          1162261468	    4096
013153	5.52 ZB 	    5.5331	  5533088635588575592448	 1350851717672992088	    4096
013155	5.52 ZB 	    5.5331	  5533088635588575596544	 1350851717672992089	    4096
013157	5.52 ZB 	    5.5331	  5533088635588575600640	 1350851717672992090	    4096
013214	1.48 GiB	    1.4901	              1599995904	              390624	    4096
013216	1.48 GiB	    1.4901	              1600000000	              390625	    4096
013218	1.48 GiB	    1.4901	              1600004096	              390626	    4096
013220	7.44 GiB	    7.4506	              7999995904	             1953124	    4096
013221	7.99 GB 	    8.0000	              8000000000	             1953125	    4096
013222	7.44 GiB	    7.4506	              8000000000	             1953125	    4096
013223	7.99 GB 	    8.0000	              8000004096	             1953126	    4096
013224	7.44 GiB	    7.4506	              8000004096	             1953126	    4096
013227	39.9 GB 	   40.0000	             40000000000	             9765625	    4096
013229	39.9 GB 	   40.0000	             40000004096	             9765626	    4096
013233	199 GB  	  200.0000	            200000000000	            48828125	    4096
013235	199 GB  	  200.0000	            200000004096	            48828126	    4096
013239	999 GB  	 1000.0000	           1000000000000	           244140625	    4096
013241	999 GB  	 1000.0000	           1000000004096	           244140626	    4096
013245	4.99 TB 	    5.0000	           5000000000000	          1220703125	    4096
013247	4.99 TB 	    5.0000	           5000000004096	          1220703126	    4096
013251	24.9 TB 	   25.0000	          25000000000000	          6103515625	    4096
013253	24.9 TB 	   25.0000	          25000000004096	          6103515626	    4096
013257	124 TB  	  125.0000	         125000000000000	         30517578125	    4096
013259	124 TB  	  125.0000	         125000000004096	         30517578126	    4096
013263	624 TB  	  625.0000	         625000000000000	        152587890625	    4096
013265	624 TB  	  625.0000	         625000000004096	        152587890626	    4096
013298	8.46 EiB	    8.4703	     9765624999999995904	    2384185791015624	    4096
013300	8.46 EiB	    8.4703	     9765625000000000000	    2384185791015625	    4096
013302	8.46 EiB	    8.4703	     9765625000000004096	    2384185791015626	    4096
