test#	output  	true      	product                 	size                	blk     
000452	1.51 MiB	    1.5205	                 1594322	             1594322	       1
000454	1.51 MiB	    1.5205	                 1594323	             1594323	       1
000456	1.51 MiB	    1.5205	                 1594324	             1594324	       1
001654	7.02 EiB	    7.0301	     8105110306037952532	 4052555153018976266	       2
001656	7.02 EiB	    7.0301	     8105110306037952534	 4052555153018976267	       2
001658	7.02 EiB	    7.0301	     8105110306037952536	 4052555153018976268	       2
002754	1.48 MiB	    1.4901	                 1562496	              390624	       4
002756	1.48 MiB	    1.4901	                 1562500	              390625	       4
002758	1.48 MiB	    1.4901	                 1562504	              390626	       4
002838	8.46 PiB	    8.4703	        9536743164062496	    2384185791015624	       4
002840	8.46 PiB	    8.4703	        9536743164062500	    2384185791015625	       4
002842	8.46 PiB	    8.4703	        9536743164062504	    2384185791015626	       4
003800	2.97 MiB	    2.9802	                 3124992	              390624	       8
003802	2.97 MiB	    2.9802	                 3125000	              390625	       8
003804	2.97 MiB	    2.9802	                 3125008	              390626	       8
003848	1.10 TiB	    1.1102	           1220703124992	        152587890624	       8
003850	1.10 TiB	    1.1102	           1220703125000	        152587890625	       8
003852	1.10 TiB	    1.1102	           1220703125008	        152587890626	       8
004846	5.95 MiB	    5.9604	                 6249984	              390624	      16
004848	5.95 MiB	    5.9605	                 6250000	              390625	      16
004850	5.95 MiB	    5.9605	                 6250016	              390626	      16
004894	2.21 TiB	    2.2204	           2441406249984	        152587890624	      16
004896	2.21 TiB	    2.2204	           2441406250000	        152587890625	      16
004898	2.21 TiB	    2.2204	           2441406250016	        152587890626	      16
005140	1.48 GiB	    1.4901	              1599999984	            99999999	      16
005142	1.48 GiB	    1.4901	              1600000000	           100000000	      16
005144	1.48 GiB	    1.4901	              1600000016	           100000001	      16
005964	2.70 PiB	    2.7105	        3051757812499968	      95367431640624	      32
005966	2.70 PiB	    2.7105	        3051757812500000	      95367431640625	      32
005968	2.70 PiB	    2.7105	        3051757812500032	      95367431640626	      32
006042	3.58 MiB	    3.5903	                 3764736	              117648	      32
006044	3.58 MiB	    3.5904	                 3764768	              117649	      32
006046	3.58 MiB	    3.5904	                 3764800	              117650	      32
006186	2.97 GiB	    2.9802	              3199999968	            99999999	      32
006188	2.97 GiB	    2.9802	              3200000000	           100000000	      32
006190	2.97 GiB	    2.9802	              3200000032	           100000001	      32
006818	1.29 PiB	    1.3004	        1464114717117440	      22876792454960	      64
006820	1.29 PiB	    1.3004	        1464114717117504	      22876792454961	      64
006822	1.29 PiB	    1.3004	        1464114717117568	      22876792454962	      64
007232	5.95 GiB	    5.9605	              6399999936	            99999999	      64
007234	5.95 GiB	    5.9605	              6400000000	           100000000	      64
007236	5.95 GiB	    5.9605	              6400000064	           100000001	      64
007786	1.70 GiB	    1.7105	              1836659968	            14348906	     128
007788	1.70 GiB	    1.7105	              1836660096	            14348907	     128
007790	1.70 GiB	    1.7105	              1836660224	            14348908	     128
008152	4.80 GiB	    4.8105	              5165261568	            40353606	     128
008154	4.80 GiB	    4.8105	              5165261696	            40353607	     128
008156	4.80 GiB	    4.8105	              5165261824	            40353608	     128
008254	1.21 MiB	    1.2206	                 1279872	                9999	     128
008326	1.10 EiB	    1.1102	     1279999999999999872	    9999999999999999	     128
008328	1.10 EiB	    1.1102	     1280000000000000000	   10000000000000000	     128
008330	1.10 EiB	    1.1102	     1280000000000000128	   10000000000000001	     128
008826	1.13 GiB	    1.1403	              1224439808	             4782968	     256
008828	1.13 GiB	    1.1403	              1224440064	             4782969	     256
008830	1.13 GiB	    1.1403	              1224440320	             4782970	     256
009372	2.21 EiB	    2.2204	     2559999999999999744	    9999999999999999	     256
009374	2.21 EiB	    2.2204	     2560000000000000000	   10000000000000000	     256
009376	2.21 EiB	    2.2204	     2560000000000000256	   10000000000000001	     256
010912	1.51 GiB	    1.5205	              1632585728	             1594322	    1024
010914	1.51 GiB	    1.5205	              1632586752	             1594323	    1024
010916	1.51 GiB	    1.5205	              1632587776	             1594324	    1024
012114	7.02 ZiB	    7.0301	  8299632953382863392768	 4052555153018976266	    2048
012116	7.02 ZiB	    7.0301	  8299632953382863394816	 4052555153018976267	    2048
012118	7.02 ZiB	    7.0301	  8299632953382863396864	 4052555153018976268	    2048
013214	1.48 GiB	    1.4901	              1599995904	              390624	    4096
013216	1.48 GiB	    1.4901	              1600000000	              390625	    4096
013218	1.48 GiB	    1.4901	              1600004096	              390626	    4096
013298	8.46 EiB	    8.4703	     9765624999999995904	    2384185791015624	    4096
013300	8.46 EiB	    8.4703	     9765625000000000000	    2384185791015625	    4096
013302	8.46 EiB	    8.4703	     9765625000000004096	    2384185791015626	    4096
